<?xml version="1.0" encoding="UTF-8"?>
<testsuite xmlns:xsi="http://www.w3.org/2001/XMLSchema-instance" xsi:noNamespaceSchemaLocation="https://maven.apache.org/surefire/maven-surefire-plugin/xsd/surefire-test-report-3.0.xsd" version="3.0" name="VowelConsonants" time="0.126" tests="4" errors="0" skipped="0" failures="0">
  <properties>
    <property name="java.specification.version" value="21"/>
    <property name="sun.jnu.encoding" value="UTF-8"/>
    <property name="java.class.path" value="/Users/jieselleurquhart/agile_QA_interview_exercise/target/test-classes:/Users/jieselleurquhart/agile_QA_interview_exercise/target/classes:/Users/jieselleurquhart/.m2/repository/io/cucumber/cucumber-java/7.14.1/cucumber-java-7.14.1.jar:/Users/jieselleurquhart/.m2/repository/org/apiguardian/apiguardian-api/1.1.2/apiguardian-api-1.1.2.jar:/Users/jieselleurquhart/.m2/repository/junit/junit/4.11/junit-4.11.jar:/Users/jieselleurquhart/.m2/repository/org/hamcrest/hamcrest-core/1.3/hamcrest-core-1.3.jar:/Users/jieselleurquhart/.m2/repository/io/cucumber/cucumber-junit/7.13.0/cucumber-junit-7.13.0.jar:/Users/jieselleurquhart/.m2/repository/io/cucumber/cucumber-core/7.14.1/cucumber-core-7.14.1.jar:/Users/jieselleurquhart/.m2/repository/io/cucumber/cucumber-gherkin/7.14.1/cucumber-gherkin-7.14.1.jar:/Users/jieselleurquhart/.m2/repository/io/cucumber/cucumber-gherkin-messages/7.14.1/cucumber-gherkin-messages-7.14.1.jar:/Users/jieselleurquhart/.m2/repository/io/cucumber/gherkin/26.2.0/gherkin-26.2.0.jar:/Users/jieselleurquhart/.m2/repository/io/cucumber/messages/22.0.0/messages-22.0.0.jar:/Users/jieselleurquhart/.m2/repository/io/cucumber/tag-expressions/6.0.0/tag-expressions-6.0.0.jar:/Users/jieselleurquhart/.m2/repository/io/cucumber/cucumber-expressions/17.0.1/cucumber-expressions-17.0.1.jar:/Users/jieselleurquhart/.m2/repository/io/cucumber/datatable/7.14.1/datatable-7.14.1.jar:/Users/jieselleurquhart/.m2/repository/io/cucumber/cucumber-plugin/7.14.1/cucumber-plugin-7.14.1.jar:/Users/jieselleurquhart/.m2/repository/io/cucumber/docstring/7.14.1/docstring-7.14.1.jar:/Users/jieselleurquhart/.m2/repository/io/cucumber/html-formatter/20.4.0/html-formatter-20.4.0.jar:/Users/jieselleurquhart/.m2/repository/io/cucumber/junit-xml-formatter/0.2.0/junit-xml-formatter-0.2.0.jar:/Users/jieselleurquhart/.m2/repository/io/cucumber/ci-environment/10.0.0/ci-environment-10.0.0.jar:/Users/jieselleurquhart/.m2/repository/org/junit/jupiter/junit-jupiter/5.10.1/junit-jupiter-5.10.1.jar:/Users/jieselleurquhart/.m2/repository/org/junit/jupiter/junit-jupiter-api/5.10.1/junit-jupiter-api-5.10.1.jar:/Users/jieselleurquhart/.m2/repository/org/opentest4j/opentest4j/1.3.0/opentest4j-1.3.0.jar:/Users/jieselleurquhart/.m2/repository/org/junit/platform/junit-platform-commons/1.10.1/junit-platform-commons-1.10.1.jar:/Users/jieselleurquhart/.m2/repository/org/junit/jupiter/junit-jupiter-params/5.10.1/junit-jupiter-params-5.10.1.jar:/Users/jieselleurquhart/.m2/repository/org/junit/jupiter/junit-jupiter-engine/5.10.1/junit-jupiter-engine-5.10.1.jar:/Users/jieselleurquhart/.m2/repository/org/junit/platform/junit-platform-engine/1.10.1/junit-platform-engine-1.10.1.jar:"/>
    <property name="java.vm.vendor" value="Oracle Corporation"/>
    <property name="sun.arch.data.model" value="64"/>
    <property name="java.vendor.url" value="https://java.oracle.com/"/>
    <property name="user.timezone" value="Europe/London"/>
    <property name="os.name" value="Mac OS X"/>
    <property name="java.vm.specification.version" value="21"/>
    <property name="sun.java.launcher" value="SUN_STANDARD"/>
    <property name="user.country" value="GB"/>
    <property name="sun.boot.library.path" value="/Users/jieselleurquhart/Library/Java/JavaVirtualMachines/openjdk-21.0.1/Contents/Home/lib"/>
    <property name="sun.java.command" value="/Users/jieselleurquhart/agile_QA_interview_exercise/target/surefire/surefirebooter-20231207024835853_3.jar /Users/jieselleurquhart/agile_QA_interview_exercise/target/surefire 2023-12-07T02-48-35_795-jvmRun1 surefire-20231207024835853_1tmp surefire_0-20231207024835853_2tmp"/>
    <property name="http.nonProxyHosts" value="local|*.local|169.254/16|*.169.254/16"/>
    <property name="jdk.debug" value="release"/>
    <property name="surefire.test.class.path" value="/Users/jieselleurquhart/agile_QA_interview_exercise/target/test-classes:/Users/jieselleurquhart/agile_QA_interview_exercise/target/classes:/Users/jieselleurquhart/.m2/repository/io/cucumber/cucumber-java/7.14.1/cucumber-java-7.14.1.jar:/Users/jieselleurquhart/.m2/repository/org/apiguardian/apiguardian-api/1.1.2/apiguardian-api-1.1.2.jar:/Users/jieselleurquhart/.m2/repository/junit/junit/4.11/junit-4.11.jar:/Users/jieselleurquhart/.m2/repository/org/hamcrest/hamcrest-core/1.3/hamcrest-core-1.3.jar:/Users/jieselleurquhart/.m2/repository/io/cucumber/cucumber-junit/7.13.0/cucumber-junit-7.13.0.jar:/Users/jieselleurquhart/.m2/repository/io/cucumber/cucumber-core/7.14.1/cucumber-core-7.14.1.jar:/Users/jieselleurquhart/.m2/repository/io/cucumber/cucumber-gherkin/7.14.1/cucumber-gherkin-7.14.1.jar:/Users/jieselleurquhart/.m2/repository/io/cucumber/cucumber-gherkin-messages/7.14.1/cucumber-gherkin-messages-7.14.1.jar:/Users/jieselleurquhart/.m2/repository/io/cucumber/gherkin/26.2.0/gherkin-26.2.0.jar:/Users/jieselleurquhart/.m2/repository/io/cucumber/messages/22.0.0/messages-22.0.0.jar:/Users/jieselleurquhart/.m2/repository/io/cucumber/tag-expressions/6.0.0/tag-expressions-6.0.0.jar:/Users/jieselleurquhart/.m2/repository/io/cucumber/cucumber-expressions/17.0.1/cucumber-expressions-17.0.1.jar:/Users/jieselleurquhart/.m2/repository/io/cucumber/datatable/7.14.1/datatable-7.14.1.jar:/Users/jieselleurquhart/.m2/repository/io/cucumber/cucumber-plugin/7.14.1/cucumber-plugin-7.14.1.jar:/Users/jieselleurquhart/.m2/repository/io/cucumber/docstring/7.14.1/docstring-7.14.1.jar:/Users/jieselleurquhart/.m2/repository/io/cucumber/html-formatter/20.4.0/html-formatter-20.4.0.jar:/Users/jieselleurquhart/.m2/repository/io/cucumber/junit-xml-formatter/0.2.0/junit-xml-formatter-0.2.0.jar:/Users/jieselleurquhart/.m2/repository/io/cucumber/ci-environment/10.0.0/ci-environment-10.0.0.jar:/Users/jieselleurquhart/.m2/repository/org/junit/jupiter/junit-jupiter/5.10.1/junit-jupiter-5.10.1.jar:/Users/jieselleurquhart/.m2/repository/org/junit/jupiter/junit-jupiter-api/5.10.1/junit-jupiter-api-5.10.1.jar:/Users/jieselleurquhart/.m2/repository/org/opentest4j/opentest4j/1.3.0/opentest4j-1.3.0.jar:/Users/jieselleurquhart/.m2/repository/org/junit/platform/junit-platform-commons/1.10.1/junit-platform-commons-1.10.1.jar:/Users/jieselleurquhart/.m2/repository/org/junit/jupiter/junit-jupiter-params/5.10.1/junit-jupiter-params-5.10.1.jar:/Users/jieselleurquhart/.m2/repository/org/junit/jupiter/junit-jupiter-engine/5.10.1/junit-jupiter-engine-5.10.1.jar:/Users/jieselleurquhart/.m2/repository/org/junit/platform/junit-platform-engine/1.10.1/junit-platform-engine-1.10.1.jar:"/>
    <property name="sun.cpu.endian" value="little"/>
    <property name="user.home" value="/Users/jieselleurquhart"/>
    <property name="user.language" value="en"/>
    <property name="java.specification.vendor" value="Oracle Corporation"/>
    <property name="java.version.date" value="2023-10-17"/>
    <property name="java.home" value="/Users/jieselleurquhart/Library/Java/JavaVirtualMachines/openjdk-21.0.1/Contents/Home"/>
    <property name="file.separator" value="/"/>
    <property name="basedir" value="/Users/jieselleurquhart/agile_QA_interview_exercise"/>
    <property name="java.vm.compressedOopsMode" value="Zero based"/>
    <property name="line.separator" value="&#10;"/>
    <property name="java.vm.specification.vendor" value="Oracle Corporation"/>
    <property name="java.specification.name" value="Java Platform API Specification"/>
    <property name="apple.awt.application.name" value="ForkedBooter"/>
    <property name="surefire.real.class.path" value="/Users/jieselleurquhart/agile_QA_interview_exercise/target/surefire/surefirebooter-20231207024835853_3.jar"/>
    <property name="sun.management.compiler" value="HotSpot 64-Bit Tiered Compilers"/>
    <property name="ftp.nonProxyHosts" value="local|*.local|169.254/16|*.169.254/16"/>
    <property name="java.runtime.version" value="21.0.1+12-29"/>
    <property name="user.name" value="jieselleurquhart"/>
    <property name="stdout.encoding" value="UTF-8"/>
    <property name="path.separator" value=":"/>
    <property name="os.version" value="14.0"/>
    <property name="java.runtime.name" value="OpenJDK Runtime Environment"/>
    <property name="file.encoding" value="UTF-8"/>
    <property name="java.vm.name" value="OpenJDK 64-Bit Server VM"/>
    <property name="localRepository" value="/Users/jieselleurquhart/.m2/repository"/>
    <property name="java.vendor.url.bug" value="https://bugreport.java.com/bugreport/"/>
    <property name="java.io.tmpdir" value="/var/folders/pg/wsfd1dfd3wn5y0p8kgv4t3hr0000gn/T/"/>
    <property name="java.version" value="21.0.1"/>
    <property name="user.dir" value="/Users/jieselleurquhart/agile_QA_interview_exercise"/>
    <property name="os.arch" value="x86_64"/>
    <property name="java.vm.specification.name" value="Java Virtual Machine Specification"/>
    <property name="native.encoding" value="UTF-8"/>
    <property name="java.library.path" value="/Users/jieselleurquhart/Library/Java/Extensions:/Library/Java/Extensions:/Network/Library/Java/Extensions:/System/Library/Java/Extensions:/usr/lib/java:."/>
    <property name="java.vm.info" value="mixed mode, sharing"/>
    <property name="stderr.encoding" value="UTF-8"/>
    <property name="java.vendor" value="Oracle Corporation"/>
    <property name="java.vm.version" value="21.0.1+12-29"/>
    <property name="sun.io.unicode.encoding" value="UnicodeBig"/>
    <property name="socksNonProxyHosts" value="local|*.local|169.254/16|*.169.254/16"/>
    <property name="java.class.version" value="65.0"/>
  </properties>
  <testcase name=" #1" classname="VowelConsonants" time="0.061">
    <system-out><![CDATA[
Scenario:                          # src/test/resources/VowelConsonants.feature:3
  Given the following words:       # StepDefinitions.the_following_words(java.util.List<java.lang.String>)
    | FIRST SENTENCE |
    | second         |
  When count vowels and consonants # StepDefinitions.count_vowels_and_consonants()
  Then this counts should return:  # StepDefinitions.this_counts_should_return(java.util.List<java.util.List<java.lang.Integer>>)
    | 0 | 0 |
    | 2 | 4 |
]]></system-out>
  </testcase>
  <testcase name=" #2" classname="VowelConsonants" time="0.003">
    <system-out><![CDATA[
Scenario:                          # src/test/resources/VowelConsonants.feature:12
  Given the following words:       # StepDefinitions.the_following_words(java.util.List<java.lang.String>)
    | first £$%£@$%  2341234 sentence |
    | second ":{}:> f@@9087           |
    | third   sentENCE                |
  When count vowels and consonants # StepDefinitions.count_vowels_and_consonants()
  Then this counts should return:  # StepDefinitions.this_counts_should_return(java.util.List<java.util.List<java.lang.Integer>>)
    | 4 | 9 |
    | 2 | 5 |
    | 2 | 7 |
]]></system-out>
  </testcase>
  <testcase name=" #3" classname="VowelConsonants" time="0.004">
    <system-out><![CDATA[
Scenario:                          # src/test/resources/VowelConsonants.feature:23
  Given the following words:       # StepDefinitions.the_following_words(java.util.List<java.lang.String>)
    | first sentence |
    | second         |
    | third          |
    | fourth         |
Extra arguments passed.
  When count vowels and consonants # StepDefinitions.count_vowels_and_consonants()
  Then null should be returned     # StepDefinitions.null_should_be_returned()
]]></system-out>
  </testcase>
  <testcase name=" #4" classname="VowelConsonants" time="0.007">
    <system-out><![CDATA[
Scenario:                            # src/test/resources/VowelConsonants.feature:32
  Given empty list                   # StepDefinitions.empty_list()
  When count vowels and consonants   # StepDefinitions.count_vowels_and_consonants()
  Then empty list should be returned # StepDefinitions.empty_list_should_be_returned()
]]></system-out>
  </testcase>
</testsuite>